<?xml version="1.0" encoding="UTF-8"?>
<testng-results ignored="0" total="1" passed="1" failed="0" skipped="0">
  <reporter-output>
  </reporter-output>
  <suite started-at="2021-03-22T11:38:13 EDT" name="Suite" finished-at="2021-03-22T11:38:21 EDT" duration-ms="7417">
    <groups>
    </groups>
    <test started-at="2021-03-22T11:38:13 EDT" name="TestChrome" finished-at="2021-03-22T11:38:21 EDT" duration-ms="7417">
      <class name="Demo.FirstClass">
        <test-method is-config="true" signature="openBrowser(java.lang.String)[pri:0, instance:Demo.FirstClass@609db43b]" started-at="2021-03-22T11:38:13 EDT" name="openBrowser" finished-at="2021-03-22T11:38:19 EDT" duration-ms="5302" status="PASS">
          <params>
            <param index="0">
              <value>
                <![CDATA[Chrome]]>
              </value>
            </param>
          </params>
          <reporter-output>
          </reporter-output>
        </test-method> <!-- openBrowser -->
        <test-method signature="verifyData()[pri:0, instance:Demo.FirstClass@609db43b]" started-at="2021-03-22T11:38:19 EDT" name="verifyData" finished-at="2021-03-22T11:38:21 EDT" duration-ms="2065" status="PASS">
          <reporter-output>
          </reporter-output>
        </test-method> <!-- verifyData -->
        <test-method is-config="true" signature="closeApp()[pri:0, instance:Demo.FirstClass@609db43b]" started-at="2021-03-22T11:38:21 EDT" name="closeApp" finished-at="2021-03-22T11:38:21 EDT" duration-ms="1" status="PASS">
          <reporter-output>
          </reporter-output>
        </test-method> <!-- closeApp -->
      </class> <!-- Demo.FirstClass -->
    </test> <!-- TestChrome -->
  </suite> <!-- Suite -->
</testng-results>
